This file contains any messages produced by compilers while
running configure, to aid debugging if configure makes a mistake.

configure:578: checking CPU for singular
configure:583: checking uname for singular
configure:775: checking for gcc
configure:888: checking whether the C compiler (gcc -O -L/cygdrive/c/lapa/sing/Singular-f5-like/ix86-Win/lib -g) works
configure:904: gcc -o conftest -O  -L/cygdrive/c/lapa/sing/Singular-f5-like/ix86-Win/lib -g conftest.c  1>&5
configure:930: checking whether the C compiler (gcc -O -L/cygdrive/c/lapa/sing/Singular-f5-like/ix86-Win/lib -g) is a cross-compiler
configure:935: checking whether we are using GNU C
configure:963: checking whether gcc accepts -g
configure:995: checking how to run the C preprocessor
configure:1079: checking for c++
configure:1111: checking whether the C++ compiler (c++ -O -L/cygdrive/c/lapa/sing/Singular-f5-like/ix86-Win/lib -g) works
configure:1127: c++ -o conftest -O  -L/cygdrive/c/lapa/sing/Singular-f5-like/ix86-Win/lib -g conftest.C  1>&5
configure:1153: checking whether the C++ compiler (c++ -O -L/cygdrive/c/lapa/sing/Singular-f5-like/ix86-Win/lib -g) is a cross-compiler
configure:1158: checking whether we are using GNU C++
configure:1186: checking whether c++ accepts -g
configure:1248: checking for a BSD compatible install
configure:1301: checking for AIX
configure:1340: checking whether gcc accepts --no-rtti
configure:1376: checking whether gcc accepts --no-exceptions
configure:1425: checking whether compiler accepts -pipe
configure:1463: checking whether _AIX is defined
configure:1527: checking whether make sets ${MAKE}
configure:1610: checking for flex
configure:1682: checking for bison
configure:1717: checking whether ln -s works
configure:1743: checking for perl5
configure:2227: checking for  in -lnsl
configure:2274: checking for  in -lsocket
configure:2324: checking for setenv in -lbsd
configure:2371: checking for listen in -lsocket
configure:2418: checking for gethostbyname in -lnsl
configure:2909: checking for ANSI C header files
configure:3016: checking for limits.h
configure:3016: checking for unistd.h
configure:3060: checking for sys/file.h
configure:3060: checking for sys/ioctl.h
configure:3060: checking for sys/time.h
configure:3060: checking for sys/times.h
configure:3060: checking for sys/types.h
configure:3060: checking for sys/stat.h
configure:3060: checking for fcntl.h
configure:3060: checking for sys/param.h
configure:3060: checking for pwd.h
configure:3060: checking for asm/sigcontext.h
configure:3060: checking for pwd.h
configure:3060: checking for termcap.h
configure:3060: checking for termios.h
configure:3060: checking for term.h
configure:3060: checking for readline/readline.h
configure:3099: checking for working const
configure:3174: checking for inline
configure:3214: checking for size_t
configure:3247: checking whether struct tm is in sys/time.h or time.h
configure:3281: checking whether time.h and sys/time.h may both be included
configure:3320: checking for working alloca.h
configure:3353: checking for alloca
configure:3553: checking whether gcc needs -traditional
configure:3602: checking for unistd.h
configure:3641: checking for getpagesize
configure:3694: checking for working mmap
configure:3865: checking return type of signal handlers
configure:3906: checking for vprintf
configure:4012: checking for library containing setenv
configure:4076: checking for gettimeofday
configure:4076: checking for atexit
configure:4076: checking for bcopy
configure:4076: checking for getcwd
configure:4076: checking for getwd
configure:4076: checking for vsnprintf
configure:4076: checking for readlink
configure:4076: checking for sleep
configure:4076: checking for usleep
configure:4076: checking for getpwnam
configure:4076: checking for popen
configure:4076: checking for setenv
configure:4076: checking for siginterrupt
configure:4076: checking for sysconf
configure:4076: checking for pselect
configure:4154: checking whether explicit C++ constructor calls are allowed
configure:4214: checking whether vsprintf returns number of printed chars
configure:4253: checking size of char
configure:4292: checking size of short
configure:4331: checking size of int
configure:4370: checking size of long
configure:4409: checking size of void*
configure:4448: checking size of double
configure:4487: checking whether byte ordering is bigendian
configure:4707: checking whether to use dynamic linking
configure:4720: checking for tgetent in -lncurses
configure:4880: checking for readline in -lreadline
configure:4930: checking how to run the C++ preprocessor
configure:4976: checking for readline/readline.h
configure:4976: checking for readline/history.h
configure:5015: checking whether readline.h is ok
configure:5127: checking which readline to use
configure:5147: checking for main in -lgmp
configure:5191: checking for IMP_PutGmpInt in -lMP
configure:5238: checking for MPT_GetTree in -lMPT
configure:5286: checking for atof in -lsingcf
configure:5333: checking for atof in -lsingfac
configure:5380: checking for omTestAddr in -lomalloc
configure:5427: checking for main in -lomalloc_ndebug
configure:5470: checking for main in -lntl
configure:5518: checking for gmp.h
configure:5518: checking for MP.h
configure:5518: checking for MPT.h
configure:5518: checking for factory.h
configure:5518: checking for factor.h
configure:5518: checking for omalloc.h
configure:5518: checking for omalloc.c
configure:5556: checking whether to use Boost
configure:5571: checking for boost/dynamic_bitset.hpp
configure:5666: checking for __stack_chk_fail_local in -lc_nonshared
configure:5716: checking which apint package to use
configure:5738: checking gfanlib
configure:5751: checking whether to use libsvd
configure:5766: checking whether to have MP
configure:5801: checking whether to have NTL
configure:5810: checking whether to have factory
configure:5841: checking whether to have libfac
configure:5867: checking for  in -lrt
configure:5928: checking whether to have dbm links
configure:5940: checking whether to have dynamic modules
configure:5952: checking whether to have dynamic kernel
configure:5962: checking whether to have Plural
configure:5976: checking whether to have ratGB
