This file contains any messages produced by compilers while
running configure, to aid debugging if configure makes a mistake.

It was created by configure, which was
generated by GNU Autoconf 2.68.  Invocation command line was

  $ ./configure --without-MP --disable-sgroup --disable-MP --without-sgroup --without-dbm --disable-dbm --with-malloc=system --prefix=/cygdrive/c/lapa/sing/Singular-f5-like --exec_prefix=/cygdrive/c/lapa/sing/Singular-f5-like/ix86-Win --bindir=/cygdrive/c/lapa/sing/Singular-f5-like/ix86-Win --libdir=/cygdrive/c/lapa/sing/Singular-f5-like/ix86-Win/lib --includedir=/cygdrive/c/lapa/sing/Singular-f5-like/ix86-Win/include --enable-omalloc --with-external-config_h=/cygdrive/c/lapa/sing/Singular-f5-like/Singular/omSingularConfig.h --with-track-custom --enable-NTL --enable-factory --enable-libfac --enable-Singular --enable-IntegerProgramming --enable-Plural --enable-doc --enable-emacs --with-apint=gmp --with-factory --with-libfac --with-Singular=yes --cache-file=.././config.cache --srcdir=.

## --------- ##
## Platform. ##
## --------- ##

hostname = computer-f14293
uname -m = i686
uname -r = 1.7.12(0.260/5/3)
uname -s = CYGWIN_NT-5.1
uname -v = 2012-04-03 10:24

/usr/bin/uname -p = unknown
/bin/uname -X     = unknown

/bin/arch              = i686
/usr/bin/arch -k       = unknown
/usr/convex/getsysinfo = unknown
/usr/bin/hostinfo      = unknown
/bin/machine           = unknown
/usr/bin/oslevel       = unknown
/bin/universe          = unknown

PATH: /usr/local/bin
PATH: /usr/bin
PATH: /cygdrive/f/Program Files/NVIDIA Corporation/PhysX/Common
PATH: /cygdrive/c/MiKTeX2_9/miktex/bin
PATH: /cygdrive/f/WINDOWS/system32
PATH: /cygdrive/f/WINDOWS
PATH: /cygdrive/f/WINDOWS/System32/Wbem
PATH: /cygdrive/f/Program Files/ATI Technologies/ATI.ACE/Core-Static
PATH: /cygdrive/f/Program Files/SourceGear/Common/DiffMerge
PATH: /cygdrive/c/Git/cmd
PATH: /cygdrive/c/Git/TortoiseGit/bin
PATH: /cygdrive/f/program files/Far2


## ----------- ##
## Core tests. ##
## ----------- ##

configure:2242: loading cache .././config.cache
configure:2804: checking for C compiler version
configure:2813: gcc --version >&5
gcc (GCC) 4.5.3
Copyright (C) 2010 Free Software Foundation, Inc.
This is free software; see the source for copying conditions.  There is NO
warranty; not even for MERCHANTABILITY or FITNESS FOR A PARTICULAR PURPOSE.

configure:2824: $? = 0
configure:2813: gcc -v >&5
Using built-in specs.
COLLECT_GCC=gcc
COLLECT_LTO_WRAPPER=/usr/lib/gcc/i686-pc-cygwin/4.5.3/lto-wrapper.exe
Target: i686-pc-cygwin
Configured with: /gnu/gcc/releases/respins/4.5.3-3/gcc4-4.5.3-3/src/gcc-4.5.3/configure --srcdir=/gnu/gcc/releases/respins/4.5.3-3/gcc4-4.5.3-3/src/gcc-4.5.3 --prefix=/usr --exec-prefix=/usr --bindir=/usr/bin --sbindir=/usr/sbin --libexecdir=/usr/lib --datadir=/usr/share --localstatedir=/var --sysconfdir=/etc --datarootdir=/usr/share --docdir=/usr/share/doc/gcc4 -C --datadir=/usr/share --infodir=/usr/share/info --mandir=/usr/share/man -v --with-gmp=/usr --with-mpfr=/usr --enable-bootstrap --enable-version-specific-runtime-libs --libexecdir=/usr/lib --enable-static --enable-shared --enable-shared-libgcc --disable-__cxa_atexit --with-gnu-ld --with-gnu-as --with-dwarf2 --disable-sjlj-exceptions --enable-languages=ada,c,c++,fortran,java,lto,objc,obj-c++ --enable-graphite --enable-lto --enable-java-awt=gtk --disable-symvers --enable-libjava --program-suffix=-4 --enable-libgomp --enable-libssp --enable-libada --enable-threads=posix --with-arch=i686 --with-tune=generic --enable-libgcj-sublibs CC=gcc-4 CXX=g++-4 CC_FOR_TARGET=gcc-4 CXX_FOR_TARGET=g++-4 GNATMAKE_FOR_TARGET=gnatmake GNATBIND_FOR_TARGET=gnatbind --with-ecj-jar=/usr/share/java/ecj.jar
Thread model: posix
gcc version 4.5.3 (GCC) 
configure:2824: $? = 0
configure:2813: gcc -V >&5
gcc: '-V' option must have argument
configure:2824: $? = 1
configure:2813: gcc -qversion >&5
gcc: unrecognized option '-qversion'
gcc: no input files
configure:2824: $? = 1
configure:2844: checking whether the C compiler works
configure:2866: gcc   -L/cygdrive/c/lapa/sing/Singular-f5-like/ix86-Win/lib -g conftest.c  >&5
configure:2870: $? = 0
configure:2918: result: yes
configure:2921: checking for C compiler default output file name
configure:2923: result: a.exe
configure:2929: checking for suffix of executables
configure:2936: gcc -o conftest.exe   -L/cygdrive/c/lapa/sing/Singular-f5-like/ix86-Win/lib -g conftest.c  >&5
configure:2940: $? = 0
configure:2962: result: .exe
configure:2984: checking whether we are cross compiling
configure:2992: gcc -o conftest.exe   -L/cygdrive/c/lapa/sing/Singular-f5-like/ix86-Win/lib -g conftest.c  >&5
configure:2996: $? = 0
configure:3003: ./conftest.exe
configure:3007: $? = 0
configure:3022: result: no
configure:3027: checking for suffix of object files
configure:3074: result: o
configure:3078: checking whether we are using the GNU C compiler
configure:3106: result: yes
configure:3115: checking whether gcc accepts -g
configure:3176: result: yes
configure:3193: checking for gcc option to accept ISO C89
configure:3270: result: none needed
configure:3349: checking for g++
configure:3376: result: g++
configure:3403: checking for C++ compiler version
configure:3412: g++ --version >&5
g++ (GCC) 4.5.3
Copyright (C) 2010 Free Software Foundation, Inc.
This is free software; see the source for copying conditions.  There is NO
warranty; not even for MERCHANTABILITY or FITNESS FOR A PARTICULAR PURPOSE.

configure:3423: $? = 0
configure:3412: g++ -v >&5
Using built-in specs.
COLLECT_GCC=g++
COLLECT_LTO_WRAPPER=/usr/lib/gcc/i686-pc-cygwin/4.5.3/lto-wrapper.exe
Target: i686-pc-cygwin
Configured with: /gnu/gcc/releases/respins/4.5.3-3/gcc4-4.5.3-3/src/gcc-4.5.3/configure --srcdir=/gnu/gcc/releases/respins/4.5.3-3/gcc4-4.5.3-3/src/gcc-4.5.3 --prefix=/usr --exec-prefix=/usr --bindir=/usr/bin --sbindir=/usr/sbin --libexecdir=/usr/lib --datadir=/usr/share --localstatedir=/var --sysconfdir=/etc --datarootdir=/usr/share --docdir=/usr/share/doc/gcc4 -C --datadir=/usr/share --infodir=/usr/share/info --mandir=/usr/share/man -v --with-gmp=/usr --with-mpfr=/usr --enable-bootstrap --enable-version-specific-runtime-libs --libexecdir=/usr/lib --enable-static --enable-shared --enable-shared-libgcc --disable-__cxa_atexit --with-gnu-ld --with-gnu-as --with-dwarf2 --disable-sjlj-exceptions --enable-languages=ada,c,c++,fortran,java,lto,objc,obj-c++ --enable-graphite --enable-lto --enable-java-awt=gtk --disable-symvers --enable-libjava --program-suffix=-4 --enable-libgomp --enable-libssp --enable-libada --enable-threads=posix --with-arch=i686 --with-tune=generic --enable-libgcj-sublibs CC=gcc-4 CXX=g++-4 CC_FOR_TARGET=gcc-4 CXX_FOR_TARGET=g++-4 GNATMAKE_FOR_TARGET=gnatmake GNATBIND_FOR_TARGET=gnatbind --with-ecj-jar=/usr/share/java/ecj.jar
Thread model: posix
gcc version 4.5.3 (GCC) 
configure:3423: $? = 0
configure:3412: g++ -V >&5
g++: '-V' option must have argument
configure:3423: $? = 1
configure:3412: g++ -qversion >&5
g++: unrecognized option '-qversion'
g++: no input files
configure:3423: $? = 1
configure:3427: checking whether we are using the GNU C++ compiler
configure:3455: result: yes
configure:3464: checking whether g++ accepts -g
configure:3525: result: yes
configure:3554: WARNING: we use `-O2 -fomit-frame-pointer' as default for `CXXFLAGS'
                    (instead of the configure default `-g -O')
configure:3560: WARNING: we use `-O2 -fomit-frame-pointer' as default for `CFLAGS'
                    (instead of the configure default `-g -O')
configure:3574: checking how to run the C preprocessor
configure:3644: result: gcc -E
configure:3664: gcc -E  conftest.c
configure:3664: $? = 0
configure:3678: gcc -E  conftest.c
conftest.c:9:28: fatal error: ac_nonexistent.h: No such file or directory
compilation terminated.
configure:3678: $? = 1
configure: failed program was:
| /* confdefs.h */
| #define PACKAGE_NAME ""
| #define PACKAGE_TARNAME ""
| #define PACKAGE_VERSION ""
| #define PACKAGE_STRING ""
| #define PACKAGE_BUGREPORT ""
| #define PACKAGE_URL ""
| /* end confdefs.h.  */
| #include <ac_nonexistent.h>
configure:3711: checking how to run the C++ preprocessor
configure:3777: result: c++ -E
configure:3797: c++ -E  conftest.cpp
configure:3797: $? = 0
configure:3811: c++ -E  conftest.cpp
conftest.cpp:9:28: fatal error: ac_nonexistent.h: No such file or directory
compilation terminated.
configure:3811: $? = 1
configure: failed program was:
| /* confdefs.h */
| #define PACKAGE_NAME ""
| #define PACKAGE_TARNAME ""
| #define PACKAGE_VERSION ""
| #define PACKAGE_STRING ""
| #define PACKAGE_BUGREPORT ""
| #define PACKAGE_URL ""
| /* end confdefs.h.  */
| #include <ac_nonexistent.h>
configure:3839: checking whether ln -s works
configure:3843: result: yes
configure:3864: checking for a BSD-compatible install
configure:3932: result: /usr/bin/install -c
configure:4035: checking whether make sets $(MAKE)
configure:4057: result: yes
configure:4068: checking for ar
configure:4096: result: ar
configure:4106: checking for m4
configure:4134: result: m4
configure:4144: checking for bison
configure:4172: result: where-is-your-bison
configure:4182: checking for grep that handles long lines and -e
configure:4240: result: /usr/bin/grep
configure:4245: checking for egrep
configure:4307: result: /usr/bin/grep -E
configure:4312: checking for ANSI C header files
configure:4416: result: yes
configure:4429: checking for sys/types.h
configure:4429: result: yes
configure:4429: checking for sys/stat.h
configure:4429: result: yes
configure:4429: checking for stdlib.h
configure:4429: result: yes
configure:4429: checking for string.h
configure:4429: result: yes
configure:4429: checking for memory.h
configure:4429: result: yes
configure:4429: checking for strings.h
configure:4429: result: yes
configure:4429: checking for inttypes.h
configure:4429: result: yes
configure:4429: checking for stdint.h
configure:4429: result: yes
configure:4429: checking for unistd.h
configure:4429: result: yes
configure:4445: checking size of long
configure:4464: result: 4
configure:4485: checking for mkinstalldirs
configure:4503: found ./bin/mkinstalldirs
configure:4516: result: ./bin/mkinstalldirs
configure:4527: checking for makeheader
configure:4545: found ./bin/makeheader
configure:4557: result: ./bin/makeheader
configure:4571: checking and generating explicit install paths

/cygdrive/c/lapa/sing/Singular-f5-like/ix86-Win/lib
/cygdrive/c/lapa/sing/Singular-f5-like/ix86-Win/lib
/cygdrive/c/lapa/sing/Singular-f5-like/ix86-Win/include
/cygdrive/c/lapa/sing/Singular-f5-like/ix86-Win/include
configure:4606: result: done
configure:4612: checking for atof in -lm
configure:4646: result: yes
configure:4661: checking for main in -lgmp
configure:4689: result: yes
configure:4779: checking for gmp.h
configure:4779: result: yes
configure:4816: checking for stdio.h
configure:4816: result: yes
configure:4816: checking for stdlib.h
configure:4816: result: yes
configure:4816: checking for string.h
configure:4816: result: yes
configure:4816: checking for time.h
configure:4816: result: yes
configure:4816: checking for math.h
configure:4816: result: yes
configure:4830: checking for cstdio
configure:4830: result: yes
configure:4915: checking for omalloc.h
configure:4915: result: no
configure:5013: checking whether gcc accepts -fno-rtti
configure:5040: result: yes
configure:5047: checking whether gcc accepts -fno-exceptions
configure:5121: result: yes
configure:5168: checking whether to use omalloc
configure:5196: result: yes
configure:5199: WARNING: did not find omalloc.h -- install before compiling
configure:5367: updating cache .././config.cache
configure:5416: creating ./config.status

## ---------------------- ##
## Running config.status. ##
## ---------------------- ##

This file was extended by config.status, which was
generated by GNU Autoconf 2.68.  Invocation command line was

  CONFIG_FILES    = 
  CONFIG_HEADERS  = 
  CONFIG_LINKS    = 
  CONFIG_COMMANDS = 
  $ ./config.status 

on computer-f14293

config.status:864: creating GNUmakefile
config.status:967: WARNING:  'GNUmakefile.in' seems to ignore the --datarootdir setting
config.status:864: creating ftest/GNUmakefile
config.status:864: creating config.h
config.status:1039: config.h is unchanged
configure:6589: WARNING: unrecognized options: --without-MP, --disable-sgroup, --disable-MP, --without-sgroup, --without-dbm, --disable-dbm, --with-malloc, --enable-omalloc, --with-external-config_h, --with-track-custom, --enable-factory, --enable-libfac, --enable-Singular, --enable-IntegerProgramming, --enable-Plural, --enable-doc, --enable-emacs, --with-apint, --with-factory, --with-libfac

## ---------------- ##
## Cache variables. ##
## ---------------- ##

ac_cv_align=sloppy
ac_cv_align_need_strict=no
ac_cv_c_bigendian=no
ac_cv_c_compiler_gnu=yes
ac_cv_c_const=yes
ac_cv_c_inline=inline
ac_cv_cxx_compiler_gnu=yes
ac_cv_cxx_have_exceptions=yes
ac_cv_cxx_have_pipe=yes
ac_cv_cxx_have_rtti=yes
ac_cv_env_CCC_set=
ac_cv_env_CCC_value=
ac_cv_env_CC_set=
ac_cv_env_CC_value=
ac_cv_env_CFLAGS_set=
ac_cv_env_CFLAGS_value=
ac_cv_env_CPPFLAGS_set=
ac_cv_env_CPPFLAGS_value=
ac_cv_env_CPP_set=
ac_cv_env_CPP_value=
ac_cv_env_CXXCPP_set=
ac_cv_env_CXXCPP_value=
ac_cv_env_CXXFLAGS_set=
ac_cv_env_CXXFLAGS_value=
ac_cv_env_CXX_set=
ac_cv_env_CXX_value=
ac_cv_env_LDFLAGS_set=set
ac_cv_env_LDFLAGS_value='-L/cygdrive/c/lapa/sing/Singular-f5-like/ix86-Win/lib -g'
ac_cv_env_LIBS_set=
ac_cv_env_LIBS_value=
ac_cv_env_build_alias_set=
ac_cv_env_build_alias_value=
ac_cv_env_host_alias_set=
ac_cv_env_host_alias_value=
ac_cv_env_target_alias_set=
ac_cv_env_target_alias_value=
ac_cv_exeext=.exe
ac_cv_explicit_const=no
ac_cv_func__doprnt=no
ac_cv_func_alloca_works=yes
ac_cv_func_atexit=yes
ac_cv_func_bcopy=yes
ac_cv_func_getcwd=yes
ac_cv_func_getopt_long=yes
ac_cv_func_getpagesize=yes
ac_cv_func_getpwnam=yes
ac_cv_func_gettimeofday=yes
ac_cv_func_getwd=yes
ac_cv_func_malloc=yes
ac_cv_func_memset=yes
ac_cv_func_mkdir=yes
ac_cv_func_mkstemp=yes
ac_cv_func_mmap=yes
ac_cv_func_mmap_fixed_mapped=no
ac_cv_func_popen=yes
ac_cv_func_pselect=yes
ac_cv_func_random=yes
ac_cv_func_readlink=yes
ac_cv_func_regcomp=yes
ac_cv_func_sbrk=yes
ac_cv_func_setenv=yes
ac_cv_func_siginterrupt=yes
ac_cv_func_sleep=yes
ac_cv_func_strcasecmp=yes
ac_cv_func_strdup=yes
ac_cv_func_strrchr=yes
ac_cv_func_sysconf=yes
ac_cv_func_usleep=yes
ac_cv_func_vprintf=yes
ac_cv_func_vsnprintf=yes
ac_cv_get_backtrace_works=yes
ac_cv_get_return_addr_works=yes
ac_cv_have_readline=yes
ac_cv_header_MPT_h=no
ac_cv_header_MP_h=yes
ac_cv_header__usr_include_malloc_h=yes
ac_cv_header_alloca_h=yes
ac_cv_header_asm_sigcontext_h=no
ac_cv_header_boost_dynamic_bitset_hpp=no
ac_cv_header_cstdio=yes
ac_cv_header_factor_h=no
ac_cv_header_factory_h=no
ac_cv_header_fcntl_h=yes
ac_cv_header_getopt_h=yes
ac_cv_header_gmp_h=yes
ac_cv_header_inttypes_h=yes
ac_cv_header_iostream=yes
ac_cv_header_iostream_h=no
ac_cv_header_limits_h=yes
ac_cv_header_math_h=yes
ac_cv_header_memory_h=yes
ac_cv_header_omalloc_c=no
ac_cv_header_omalloc_h=no
ac_cv_header_pwd_h=yes
ac_cv_header_readline_history_h=yes
ac_cv_header_readline_readline_h=yes
ac_cv_header_readline_readline_h_ok=yes
ac_cv_header_stdc=yes
ac_cv_header_stddef_h=yes
ac_cv_header_stdint_h=yes
ac_cv_header_stdio_h=yes
ac_cv_header_stdlib_h=yes
ac_cv_header_string_h=yes
ac_cv_header_strings_h=yes
ac_cv_header_sys_file_h=yes
ac_cv_header_sys_ioctl_h=yes
ac_cv_header_sys_mman_h=yes
ac_cv_header_sys_param_h=yes
ac_cv_header_sys_stat_h=yes
ac_cv_header_sys_time_h=yes
ac_cv_header_sys_times_h=yes
ac_cv_header_sys_types_h=yes
ac_cv_header_term_h=no
ac_cv_header_termcap_h=no
ac_cv_header_termios_h=yes
ac_cv_header_time=yes
ac_cv_header_time_h=yes
ac_cv_header_unistd_h=yes
ac_cv_is_aix=no
ac_cv_lib_MPT_MPT_GetTree=no
ac_cv_lib_MP_IMP_PutGmpInt=no
ac_cv_lib_bsd_setenv=no
ac_cv_lib_bsd_socket=no
ac_cv_lib_c_nonshared___stack_chk_fail_local=no
ac_cv_lib_fl_yywrap=no
ac_cv_lib_gmp_main=yes
ac_cv_lib_l_yywrap=no
ac_cv_lib_m_atof=yes
ac_cv_lib_ncurses_tgetent=yes
ac_cv_lib_nsl_=no
ac_cv_lib_nsl_gethostbyname=no
ac_cv_lib_ntl_main=no
ac_cv_lib_omalloc_ndebug_main=no
ac_cv_lib_omalloc_omTestAddr=no
ac_cv_lib_readline_readline=yes
ac_cv_lib_rt_=no
ac_cv_lib_singcf_atof=no
ac_cv_lib_singfac_atof=no
ac_cv_lib_socket_=no
ac_cv_lib_socket_listen=no
ac_cv_malloc_sizeof_addr=no
ac_cv_objext=o
ac_cv_pagesize=8192
ac_cv_path_EGREP='/usr/bin/grep -E'
ac_cv_path_FACTORY_MAKEHEADER=./bin/makeheader
ac_cv_path_FACTORY_MKINSTALLDIRS=./bin/mkinstalldirs
ac_cv_path_GREP=/usr/bin/grep
ac_cv_path_install='/usr/bin/install -c'
ac_cv_prog_ADDR2LINE=addr2line
ac_cv_prog_AR=ar
ac_cv_prog_AWK=gawk
ac_cv_prog_BISON=where-is-your-bison
ac_cv_prog_CC=gcc
ac_cv_prog_CPP='gcc -E'
ac_cv_prog_CXX=c++
ac_cv_prog_CXXCPP='c++ -E'
ac_cv_prog_GUNZIP=gunzip
ac_cv_prog_LN_S='ln -s'
ac_cv_prog_M4=m4
ac_cv_prog_MAKEINFO=makeinfo
ac_cv_prog_MYGZIP=gzip
ac_cv_prog_PERL=perl
ac_cv_prog_RANLIB=ranlib
ac_cv_prog_TEXI2PDF=texi2pdf
ac_cv_prog_TEXINDEX=texindex
ac_cv_prog_ac_ct_CXX=g++
ac_cv_prog_addr2line_works=yes
ac_cv_prog_cc_c89=
ac_cv_prog_cc_cross=no
ac_cv_prog_cc_g=yes
ac_cv_prog_cc_stdc=
ac_cv_prog_cc_works=yes
ac_cv_prog_cxx_cross=no
ac_cv_prog_cxx_g=yes
ac_cv_prog_cxx_works=yes
ac_cv_prog_egrep='grep -E'
ac_cv_prog_gcc=yes
ac_cv_prog_gcc_traditional=no
ac_cv_prog_gxx=yes
ac_cv_prog_make_make_set=yes
ac_cv_returns_n_of_chars=yes
ac_cv_search_setenv='none required'
ac_cv_singcpuname=i686
ac_cv_singuname=ix86-Win
ac_cv_sizeof_char=1
ac_cv_sizeof_double=8
ac_cv_sizeof_int=4
ac_cv_sizeof_long=4
ac_cv_sizeof_short=2
ac_cv_sizeof_size_t=4
ac_cv_sizeof_voidp=4
ac_cv_struct_tm=time.h
ac_cv_type_signal=void
ac_cv_type_size_t=yes
ac_cv_working_mmap=yes
ac_cv_working_valloc=omMallocSystem.h_

## ----------------- ##
## Output variables. ##
## ----------------- ##

AR='ar'
ARFLAGS='cr'
BISON='where-is-your-bison'
CC='gcc'
CFLAGS='-O2 -fomit-frame-pointer'
CPP='gcc -E'
CPPFLAGS=''
CXX='g++'
CXXCPP='c++ -E'
CXXFLAGS='-O2 -fomit-frame-pointer -fno-rtti -fno-exceptions'
DEFS='-DHAVE_CONFIG_H'
ECHO_C=''
ECHO_N='-n'
ECHO_T=''
EGREP='/usr/bin/grep -E'
EXEEXT='.exe'
FACTORY_MAKEHEADER='./bin/makeheader'
FACTORY_MKINSTALLDIRS='./bin/mkinstalldirs'
GREP='/usr/bin/grep'
INSTALL_DATA='${INSTALL} -m 644'
INSTALL_PROGRAM='${INSTALL}'
INSTALL_SCRIPT='${INSTALL}'
LDFLAGS='-L/cygdrive/c/lapa/sing/Singular-f5-like/ix86-Win/lib -g'
LIBOBJS=''
LIBS='-lgmp -lm '
LN_S='ln -s'
LTLIBOBJS=''
M4='m4'
M4FLAGS=''
MAKEHEADERFLAGS=''
OBJEXT='o'
PACKAGE_BUGREPORT=''
PACKAGE_NAME=''
PACKAGE_STRING=''
PACKAGE_TARNAME=''
PACKAGE_URL=''
PACKAGE_VERSION=''
PATH_SEPARATOR=':'
RANLIB='ranlib'
SET_MAKE=''
SHELL='/bin/sh'
ac_ct_CC=''
ac_ct_CXX='g++'
alltargets='cf'
bindir='/cygdrive/c/lapa/sing/Singular-f5-like/ix86-Win'
build_alias=''
datadir='${datarootdir}'
datarootdir='${prefix}/share'
docdir='${datarootdir}/doc/${PACKAGE}'
dvidir='${docdir}'
exec_prefix='/cygdrive/c/lapa/sing/Singular-f5-like/ix86-Win'
factory_version='3.1.4'
factoryincl='$(basefactoryincl) $(singfactoryincl)'
factorysrc='$(basefactorysrc) $(singfactorysrc)'
gftabledir='${datadir}/factory/gftables'
host_alias=''
htmldir='${docdir}'
includedir='/cygdrive/c/lapa/sing/Singular-f5-like/ix86-Win/include'
infodir='${datarootdir}/info'
installtargets='installcf'
libdir='/cygdrive/c/lapa/sing/Singular-f5-like/ix86-Win/lib'
libexecdir='${exec_prefix}/libexec'
libfactory='libsingcf.a'
localedir='${datarootdir}/locale'
localstatedir='${prefix}/var'
mandir='${datarootdir}/man'
memmanincl=''
memmansrc=''
oldincludedir='/usr/include'
pdfdir='${docdir}'
prefix='/cygdrive/c/lapa/sing/Singular-f5-like'
program_transform_name='s,x,x,'
psdir='${docdir}'
sbindir='${exec_prefix}/sbin'
sharedstatedir='${prefix}/com'
sysconfdir='${prefix}/etc'
target_alias=''
templatedir='${includedir}/templates'
uninstalltargets='uninstallcf'

## ----------- ##
## confdefs.h. ##
## ----------- ##

/* confdefs.h */
#define PACKAGE_NAME ""
#define PACKAGE_TARNAME ""
#define PACKAGE_VERSION ""
#define PACKAGE_STRING ""
#define PACKAGE_BUGREPORT ""
#define PACKAGE_URL ""
#define STDC_HEADERS 1
#define HAVE_SYS_TYPES_H 1
#define HAVE_SYS_STAT_H 1
#define HAVE_STDLIB_H 1
#define HAVE_STRING_H 1
#define HAVE_MEMORY_H 1
#define HAVE_STRINGS_H 1
#define HAVE_INTTYPES_H 1
#define HAVE_STDINT_H 1
#define HAVE_UNISTD_H 1
#define SIZEOF_LONG 4
#define HAVE_LIBM 1
#define HAVE_LIBGMP 1
#define HAVE_GMP_H 1
#define HAVE_STDIO_H 1
#define HAVE_STDLIB_H 1
#define HAVE_STRING_H 1
#define HAVE_TIME_H 1
#define HAVE_MATH_H 1
#define HAVE_CSTDIO 1
#define SINGULAR 1
#define HAVE_NTL 1
#define HAVE_OMALLOC 1
#define NOSTREAMIO 1
#define NOASSERT 1
#define FACTORYVERSION "3.1.4"
#define FACTORYCONFIGURATION "' '--without-MP' '--disable-sgroup' '--disable-MP' '--without-sgroup' '--without-dbm' '--disable-dbm' '--with-malloc=system' '--prefix=/cygdrive/c/lapa/sing/Singular-f5-like' '--exec_prefix=/cygdrive/c/lapa/sing/Singular-f5-like/ix86-Win' '--bindir=/cygdrive/c/lapa/sing/Singular-f5-like/ix86-Win' '--libdir=/cygdrive/c/lapa/sing/Singular-f5-like/ix86-Win/lib' '--includedir=/cygdrive/c/lapa/sing/Singular-f5-like/ix86-Win/include' '--enable-omalloc' '--with-external-config_h=/cygdrive/c/lapa/sing/Singular-f5-like/Singular/omSingularConfig.h' '--with-track-custom' '--enable-NTL' '--enable-factory' '--enable-libfac' '--enable-Singular' '--enable-IntegerProgramming' '--enable-Plural' '--enable-doc' '--enable-emacs' '--with-apint=gmp' '--with-factory' '--with-libfac' '--with-Singular=yes' '--cache-file=.././config.cache' '--srcdir=.' 'LDFLAGS=-L/cygdrive/c/lapa/sing/Singular-f5-like/ix86-Win/lib -g'' in /cygdrive/c/lapa/sing/Singular-f5-like/factory"
#define GFTABLEDIR "/cygdrive/c/lapa/sing/Singular-f5-like/factory//factory/gftables"

configure: exit 0

## ---------------------- ##
## Running config.status. ##
## ---------------------- ##

This file was extended by config.status, which was
generated by GNU Autoconf 2.68.  Invocation command line was

  CONFIG_FILES    = 
  CONFIG_HEADERS  = config.h
  CONFIG_LINKS    = 
  CONFIG_COMMANDS = 
  $ ./config.status 

on computer-f14293

config.status:864: creating config.h
config.status:1039: config.h is unchanged
