This file contains any messages produced by compilers while
running configure, to aid debugging if configure makes a mistake.

It was created by configure, which was
generated by GNU Autoconf 2.59.  Invocation command line was

  $ ./configure --without-MP --disable-sgroup --disable-MP --without-sgroup --without-dbm --disable-dbm --with-malloc=system --prefix=/cygdrive/c/lapa/sing/Singular-f5-like --exec_prefix=/cygdrive/c/lapa/sing/Singular-f5-like/ix86-Win --bindir=/cygdrive/c/lapa/sing/Singular-f5-like/ix86-Win --libdir=/cygdrive/c/lapa/sing/Singular-f5-like/ix86-Win/lib --includedir=/cygdrive/c/lapa/sing/Singular-f5-like/ix86-Win/include --enable-omalloc --with-external-config_h=/cygdrive/c/lapa/sing/Singular-f5-like/Singular/omSingularConfig.h --with-track-custom --enable-NTL --enable-factory --enable-libfac --enable-Singular --enable-IntegerProgramming --enable-Plural --enable-doc --enable-emacs --with-apint=gmp --with-factory --with-libfac --with-Singular=yes --cache-file=.././config.cache --srcdir=.

## --------- ##
## Platform. ##
## --------- ##

hostname = computer-f14293
uname -m = i686
uname -r = 1.7.12(0.260/5/3)
uname -s = CYGWIN_NT-5.1
uname -v = 2012-04-03 10:24

/usr/bin/uname -p = unknown
/bin/uname -X     = unknown

/bin/arch              = i686
/usr/bin/arch -k       = unknown
/usr/convex/getsysinfo = unknown
hostinfo               = unknown
/bin/machine           = unknown
/usr/bin/oslevel       = unknown
/bin/universe          = unknown

PATH: /usr/local/bin
PATH: /usr/bin
PATH: /cygdrive/f/Program Files/NVIDIA Corporation/PhysX/Common
PATH: /cygdrive/c/MiKTeX2_9/miktex/bin
PATH: /cygdrive/f/WINDOWS/system32
PATH: /cygdrive/f/WINDOWS
PATH: /cygdrive/f/WINDOWS/System32/Wbem
PATH: /cygdrive/f/Program Files/ATI Technologies/ATI.ACE/Core-Static
PATH: /cygdrive/f/Program Files/SourceGear/Common/DiffMerge
PATH: /cygdrive/c/Git/cmd
PATH: /cygdrive/c/Git/TortoiseGit/bin
PATH: /cygdrive/f/program files/Far2


## ----------- ##
## Core tests. ##
## ----------- ##

configure:1209: loading cache .././config.cache
configure:1350: checking for gawk
configure:1376: result: gawk
configure:1390: checking for bison
configure:1419: result: no
configure:1390: checking for byacc
configure:1419: result: no
configure:1479: checking for g++
configure:1505: result: g++
configure:1521: checking for C++ compiler version
configure:1524: g++ --version </dev/null >&5
g++ (GCC) 4.5.3
Copyright (C) 2010 Free Software Foundation, Inc.
This is free software; see the source for copying conditions.  There is NO
warranty; not even for MERCHANTABILITY or FITNESS FOR A PARTICULAR PURPOSE.

configure:1527: $? = 0
configure:1529: g++ -v </dev/null >&5
Using built-in specs.
COLLECT_GCC=g++
COLLECT_LTO_WRAPPER=/usr/lib/gcc/i686-pc-cygwin/4.5.3/lto-wrapper.exe
Target: i686-pc-cygwin
Configured with: /gnu/gcc/releases/respins/4.5.3-3/gcc4-4.5.3-3/src/gcc-4.5.3/configure --srcdir=/gnu/gcc/releases/respins/4.5.3-3/gcc4-4.5.3-3/src/gcc-4.5.3 --prefix=/usr --exec-prefix=/usr --bindir=/usr/bin --sbindir=/usr/sbin --libexecdir=/usr/lib --datadir=/usr/share --localstatedir=/var --sysconfdir=/etc --datarootdir=/usr/share --docdir=/usr/share/doc/gcc4 -C --datadir=/usr/share --infodir=/usr/share/info --mandir=/usr/share/man -v --with-gmp=/usr --with-mpfr=/usr --enable-bootstrap --enable-version-specific-runtime-libs --libexecdir=/usr/lib --enable-static --enable-shared --enable-shared-libgcc --disable-__cxa_atexit --with-gnu-ld --with-gnu-as --with-dwarf2 --disable-sjlj-exceptions --enable-languages=ada,c,c++,fortran,java,lto,objc,obj-c++ --enable-graphite --enable-lto --enable-java-awt=gtk --disable-symvers --enable-libjava --program-suffix=-4 --enable-libgomp --enable-libssp --enable-libada --enable-threads=posix --with-arch=i686 --with-tune=generic --enable-libgcj-sublibs CC=gcc-4 CXX=g++-4 CC_FOR_TARGET=gcc-4 CXX_FOR_TARGET=g++-4 GNATMAKE_FOR_TARGET=gnatmake GNATBIND_FOR_TARGET=gnatbind --with-ecj-jar=/usr/share/java/ecj.jar
Thread model: posix
gcc version 4.5.3 (GCC) 
configure:1532: $? = 0
configure:1534: g++ -V </dev/null >&5
g++: '-V' option must have argument
configure:1537: $? = 1
configure:1560: checking for C++ compiler default output file name
configure:1563: g++   -L/cygdrive/c/lapa/sing/Singular-f5-like/ix86-Win/lib -g conftest.cc  >&5
configure:1566: $? = 0
configure:1612: result: a.exe
configure:1617: checking whether the C++ compiler works
configure:1623: ./a.exe
configure:1626: $? = 0
configure:1643: result: yes
configure:1650: checking whether we are cross compiling
configure:1652: result: no
configure:1655: checking for suffix of executables
configure:1657: g++ -o conftest.exe   -L/cygdrive/c/lapa/sing/Singular-f5-like/ix86-Win/lib -g conftest.cc  >&5
configure:1660: $? = 0
configure:1685: result: .exe
configure:1691: checking for suffix of object files
configure:1737: result: o
configure:1741: checking whether we are using the GNU C++ compiler
configure:1797: result: yes
configure:1803: checking whether g++ accepts -g
configure:1854: result: yes
configure:1896: g++ -c -g -O2  conftest.cc >&5
configure:1902: $? = 0
configure:1906: test -z 
			 || test ! -s conftest.err
configure:1909: $? = 0
configure:1912: test -s conftest.o
configure:1915: $? = 0
configure:1941: g++ -c -g -O2  conftest.cc >&5
conftest.cc: In function 'int main()':
conftest.cc:19:9: error: 'exit' was not declared in this scope
configure:1947: $? = 1
configure: failed program was:
| /* confdefs.h.  */
| 
| #define PACKAGE_NAME ""
| #define PACKAGE_TARNAME ""
| #define PACKAGE_VERSION ""
| #define PACKAGE_STRING ""
| #define PACKAGE_BUGREPORT ""
| #define SINGULAR_MAJOR_VERSION 3
| #define SINGULAR_MINOR_VERSION 1
| #define SINGULAR_SUB_VERSION 4
| #define S_VERSION1 "314"
| #define S_VERSION2 "Jan 2012"
| #define SINGULAR_SUB_VERSION 4
| /* end confdefs.h.  */
| 
| int
| main ()
| {
| exit (42);
|   ;
|   return 0;
| }
configure:1896: g++ -c -g -O2  conftest.cc >&5
conftest.cc:15:40: error: 'void std::exit(int)' should have been declared inside 'std'
In file included from conftest.cc:16:0:
/usr/include/stdlib.h:80:7: error: declaration of 'void std::exit(int)' throws different exceptions
conftest.cc:15:17: error: from previous declaration 'void std::exit(int) throw ()'
configure:1902: $? = 1
configure: failed program was:
| /* confdefs.h.  */
| 
| #define PACKAGE_NAME ""
| #define PACKAGE_TARNAME ""
| #define PACKAGE_VERSION ""
| #define PACKAGE_STRING ""
| #define PACKAGE_BUGREPORT ""
| #define SINGULAR_MAJOR_VERSION 3
| #define SINGULAR_MINOR_VERSION 1
| #define SINGULAR_SUB_VERSION 4
| #define S_VERSION1 "314"
| #define S_VERSION2 "Jan 2012"
| #define SINGULAR_SUB_VERSION 4
| /* end confdefs.h.  */
| extern "C" void std::exit (int) throw (); using std::exit;
| #include <stdlib.h>
| int
| main ()
| {
| exit (42);
|   ;
|   return 0;
| }
configure:1896: g++ -c -g -O2  conftest.cc >&5
conftest.cc:15:31: error: 'void std::exit(int)' should have been declared inside 'std'
configure:1902: $? = 1
configure: failed program was:
| /* confdefs.h.  */
| 
| #define PACKAGE_NAME ""
| #define PACKAGE_TARNAME ""
| #define PACKAGE_VERSION ""
| #define PACKAGE_STRING ""
| #define PACKAGE_BUGREPORT ""
| #define SINGULAR_MAJOR_VERSION 3
| #define SINGULAR_MINOR_VERSION 1
| #define SINGULAR_SUB_VERSION 4
| #define S_VERSION1 "314"
| #define S_VERSION2 "Jan 2012"
| #define SINGULAR_SUB_VERSION 4
| /* end confdefs.h.  */
| extern "C" void std::exit (int); using std::exit;
| #include <stdlib.h>
| int
| main ()
| {
| exit (42);
|   ;
|   return 0;
| }
configure:1896: g++ -c -g -O2  conftest.cc >&5
In file included from conftest.cc:16:0:
/usr/include/stdlib.h:80:7: error: declaration of 'void exit(int)' throws different exceptions
conftest.cc:15:17: error: from previous declaration 'void exit(int) throw ()'
configure:1902: $? = 1
configure: failed program was:
| /* confdefs.h.  */
| 
| #define PACKAGE_NAME ""
| #define PACKAGE_TARNAME ""
| #define PACKAGE_VERSION ""
| #define PACKAGE_STRING ""
| #define PACKAGE_BUGREPORT ""
| #define SINGULAR_MAJOR_VERSION 3
| #define SINGULAR_MINOR_VERSION 1
| #define SINGULAR_SUB_VERSION 4
| #define S_VERSION1 "314"
| #define S_VERSION2 "Jan 2012"
| #define SINGULAR_SUB_VERSION 4
| /* end confdefs.h.  */
| extern "C" void exit (int) throw ();
| #include <stdlib.h>
| int
| main ()
| {
| exit (42);
|   ;
|   return 0;
| }
configure:1896: g++ -c -g -O2  conftest.cc >&5
configure:1902: $? = 0
configure:1906: test -z 
			 || test ! -s conftest.err
configure:1909: $? = 0
configure:1912: test -s conftest.o
configure:1915: $? = 0
configure:1941: g++ -c -g -O2  conftest.cc >&5
configure:1947: $? = 0
configure:1951: test -z 
			 || test ! -s conftest.err
configure:1954: $? = 0
configure:1957: test -s conftest.o
configure:1960: $? = 0
configure:2299: checking for C compiler version
configure:2302: gcc --version </dev/null >&5
gcc (GCC) 4.5.3
Copyright (C) 2010 Free Software Foundation, Inc.
This is free software; see the source for copying conditions.  There is NO
warranty; not even for MERCHANTABILITY or FITNESS FOR A PARTICULAR PURPOSE.

configure:2305: $? = 0
configure:2307: gcc -v </dev/null >&5
Using built-in specs.
COLLECT_GCC=gcc
COLLECT_LTO_WRAPPER=/usr/lib/gcc/i686-pc-cygwin/4.5.3/lto-wrapper.exe
Target: i686-pc-cygwin
Configured with: /gnu/gcc/releases/respins/4.5.3-3/gcc4-4.5.3-3/src/gcc-4.5.3/configure --srcdir=/gnu/gcc/releases/respins/4.5.3-3/gcc4-4.5.3-3/src/gcc-4.5.3 --prefix=/usr --exec-prefix=/usr --bindir=/usr/bin --sbindir=/usr/sbin --libexecdir=/usr/lib --datadir=/usr/share --localstatedir=/var --sysconfdir=/etc --datarootdir=/usr/share --docdir=/usr/share/doc/gcc4 -C --datadir=/usr/share --infodir=/usr/share/info --mandir=/usr/share/man -v --with-gmp=/usr --with-mpfr=/usr --enable-bootstrap --enable-version-specific-runtime-libs --libexecdir=/usr/lib --enable-static --enable-shared --enable-shared-libgcc --disable-__cxa_atexit --with-gnu-ld --with-gnu-as --with-dwarf2 --disable-sjlj-exceptions --enable-languages=ada,c,c++,fortran,java,lto,objc,obj-c++ --enable-graphite --enable-lto --enable-java-awt=gtk --disable-symvers --enable-libjava --program-suffix=-4 --enable-libgomp --enable-libssp --enable-libada --enable-threads=posix --with-arch=i686 --with-tune=generic --enable-libgcj-sublibs CC=gcc-4 CXX=g++-4 CC_FOR_TARGET=gcc-4 CXX_FOR_TARGET=g++-4 GNATMAKE_FOR_TARGET=gnatmake GNATBIND_FOR_TARGET=gnatbind --with-ecj-jar=/usr/share/java/ecj.jar
Thread model: posix
gcc version 4.5.3 (GCC) 
configure:2310: $? = 0
configure:2312: gcc -V </dev/null >&5
gcc: '-V' option must have argument
configure:2315: $? = 1
configure:2318: checking whether we are using the GNU C compiler
configure:2374: result: yes
configure:2380: checking whether gcc accepts -g
configure:2431: result: yes
configure:2448: checking for gcc option to accept ANSI C
configure:2555: result: none needed
configure:2573: gcc -c -g -O2  conftest.c >&5
conftest.c:2:9: error: expected '=', ',', ';', 'asm' or '__attribute__' before 'me'
configure:2579: $? = 1
configure: failed program was:
| #ifndef __cplusplus
|   choke me
| #endif
configure:2717: checking for flex
configure:2746: result: no
configure:2717: checking for lex
configure:2746: result: no
configure:2756: checking for yywrap in -lfl
configure:2818: result: no
configure:2823: checking for yywrap in -ll
configure:2885: result: no
configure:3025: checking for a BSD-compatible install
configure:3080: result: /usr/bin/install -c
configure:3091: checking whether make sets $(MAKE)
configure:3111: result: yes
configure:3121: checking whether ln -s works
configure:3125: result: yes
configure:3139: checking for main in -lgmp
configure:3195: result: yes
configure:3216: checking how to run the C preprocessor
configure:3334: result: gcc -E
configure:3358: gcc -E  conftest.c
configure:3364: $? = 0
configure:3396: gcc -E  conftest.c
conftest.c:19:28: fatal error: ac_nonexistent.h: No such file or directory
compilation terminated.
configure:3402: $? = 1
configure: failed program was:
| /* confdefs.h.  */
| 
| #define PACKAGE_NAME ""
| #define PACKAGE_TARNAME ""
| #define PACKAGE_VERSION ""
| #define PACKAGE_STRING ""
| #define PACKAGE_BUGREPORT ""
| #define SINGULAR_MAJOR_VERSION 3
| #define SINGULAR_MINOR_VERSION 1
| #define SINGULAR_SUB_VERSION 4
| #define S_VERSION1 "314"
| #define S_VERSION2 "Jan 2012"
| #define SINGULAR_SUB_VERSION 4
| #ifdef __cplusplus
| extern "C" void exit (int);
| #endif
| #define HAVE_LIBGMP 1
| /* end confdefs.h.  */
| #include <ac_nonexistent.h>
configure:3446: checking for egrep
configure:3456: result: grep -E
configure:3461: checking for ANSI C header files
configure:3617: result: yes
configure:3641: checking for sys/types.h
configure:3687: result: yes
configure:3641: checking for sys/stat.h
configure:3687: result: yes
configure:3641: checking for stdlib.h
configure:3687: result: yes
configure:3641: checking for string.h
configure:3687: result: yes
configure:3641: checking for memory.h
configure:3687: result: yes
configure:3641: checking for strings.h
configure:3687: result: yes
configure:3641: checking for inttypes.h
configure:3687: result: yes
configure:3641: checking for stdint.h
configure:3687: result: yes
configure:3641: checking for unistd.h
configure:3687: result: yes
configure:3708: checking for fcntl.h
configure:3713: result: yes
configure:3708: checking for stddef.h
configure:3713: result: yes
configure:3708: checking for stdlib.h
configure:3713: result: yes
configure:3708: checking for string.h
configure:3713: result: yes
configure:3708: checking for unistd.h
configure:3713: result: yes
configure:3859: checking for getopt.h
configure:3864: result: yes
configure:4008: checking for getopt_long
configure:4096: result: yes
configure:4181: checking for an ANSI C-conforming const
configure:4278: result: yes
configure:4288: checking for size_t
configure:4342: result: yes
configure:4360: checking for vprintf
configure:4448: result: yes
configure:4455: checking for _doprnt
configure:4543: result: no
configure:4568: checking for malloc
configure:4656: result: yes
configure:4568: checking for memset
configure:4656: result: yes
configure:4568: checking for mkstemp
configure:4656: result: yes
configure:4568: checking for mkdir
configure:4656: result: yes
configure:4568: checking for regcomp
configure:4656: result: yes
configure:4568: checking for strcasecmp
configure:4656: result: yes
configure:4568: checking for strdup
configure:4656: result: yes
configure:4568: checking for strrchr
configure:4656: result: yes
configure:4668: checking uname for singular
configure:4687: result: ix86-Win
configure:4812: creating ./config.status

## ---------------------- ##
## Running config.status. ##
## ---------------------- ##

This file was extended by config.status, which was
generated by GNU Autoconf 2.59.  Invocation command line was

  CONFIG_FILES    = 
  CONFIG_HEADERS  = 
  CONFIG_LINKS    = 
  CONFIG_COMMANDS = 
  $ ./config.status 

on computer-f14293

config.status:669: creating Makefile
config.status:669: creating tools/Makefile
config.status:669: creating modgen/Makefile
config.status:773: creating include/config.h
config.status:941: include/config.h is unchanged

## ---------------- ##
## Cache variables. ##
## ---------------- ##

ac_cv_align=sloppy
ac_cv_align_need_strict=no
ac_cv_c_bigendian=no
ac_cv_c_compiler_gnu=yes
ac_cv_c_const=yes
ac_cv_c_inline=inline
ac_cv_cxx_compiler_gnu=yes
ac_cv_cxx_have_exceptions=yes
ac_cv_cxx_have_pipe=yes
ac_cv_cxx_have_rtti=yes
ac_cv_env_CCC_set=
ac_cv_env_CCC_value=
ac_cv_env_CC_set=
ac_cv_env_CC_value=
ac_cv_env_CFLAGS_set=
ac_cv_env_CFLAGS_value=
ac_cv_env_CPPFLAGS_set=
ac_cv_env_CPPFLAGS_value=
ac_cv_env_CPP_set=
ac_cv_env_CPP_value=
ac_cv_env_CXXCPP_set=
ac_cv_env_CXXCPP_value=
ac_cv_env_CXXFLAGS_set=
ac_cv_env_CXXFLAGS_value=
ac_cv_env_CXX_set=
ac_cv_env_CXX_value=
ac_cv_env_LDFLAGS_set=set
ac_cv_env_LDFLAGS_value='-L/cygdrive/c/lapa/sing/Singular-f5-like/ix86-Win/lib -g'
ac_cv_env_LIBS_set=
ac_cv_env_LIBS_value=
ac_cv_env_build_alias_set=
ac_cv_env_build_alias_value=
ac_cv_env_host_alias_set=
ac_cv_env_host_alias_value=
ac_cv_env_target_alias_set=
ac_cv_env_target_alias_value=
ac_cv_exeext=.exe
ac_cv_explicit_const=no
ac_cv_func__doprnt=no
ac_cv_func_alloca_works=yes
ac_cv_func_atexit=yes
ac_cv_func_bcopy=yes
ac_cv_func_getcwd=yes
ac_cv_func_getopt_long=yes
ac_cv_func_getpagesize=yes
ac_cv_func_getpwnam=yes
ac_cv_func_gettimeofday=yes
ac_cv_func_getwd=yes
ac_cv_func_malloc=yes
ac_cv_func_memset=yes
ac_cv_func_mkdir=yes
ac_cv_func_mkstemp=yes
ac_cv_func_mmap=yes
ac_cv_func_mmap_fixed_mapped=no
ac_cv_func_popen=yes
ac_cv_func_pselect=yes
ac_cv_func_random=yes
ac_cv_func_readlink=yes
ac_cv_func_regcomp=yes
ac_cv_func_sbrk=yes
ac_cv_func_setenv=yes
ac_cv_func_siginterrupt=yes
ac_cv_func_sleep=yes
ac_cv_func_strcasecmp=yes
ac_cv_func_strdup=yes
ac_cv_func_strrchr=yes
ac_cv_func_sysconf=yes
ac_cv_func_usleep=yes
ac_cv_func_vprintf=yes
ac_cv_func_vsnprintf=yes
ac_cv_get_backtrace_works=yes
ac_cv_get_return_addr_works=yes
ac_cv_have_readline=yes
ac_cv_header_MPT_h=no
ac_cv_header_MP_h=yes
ac_cv_header__usr_include_malloc_h=yes
ac_cv_header_alloca_h=yes
ac_cv_header_asm_sigcontext_h=no
ac_cv_header_boost_dynamic_bitset_hpp=no
ac_cv_header_cstdio=yes
ac_cv_header_factor_h=no
ac_cv_header_factory_h=no
ac_cv_header_fcntl_h=yes
ac_cv_header_getopt_h=yes
ac_cv_header_gmp_h=yes
ac_cv_header_inttypes_h=yes
ac_cv_header_iostream=yes
ac_cv_header_iostream_h=no
ac_cv_header_limits_h=yes
ac_cv_header_math_h=yes
ac_cv_header_memory_h=yes
ac_cv_header_omalloc_c=no
ac_cv_header_omalloc_h=no
ac_cv_header_pwd_h=yes
ac_cv_header_readline_history_h=yes
ac_cv_header_readline_readline_h=yes
ac_cv_header_readline_readline_h_ok=yes
ac_cv_header_stdc=yes
ac_cv_header_stddef_h=yes
ac_cv_header_stdint_h=yes
ac_cv_header_stdio_h=yes
ac_cv_header_stdlib_h=yes
ac_cv_header_string_h=yes
ac_cv_header_strings_h=yes
ac_cv_header_sys_file_h=yes
ac_cv_header_sys_ioctl_h=yes
ac_cv_header_sys_mman_h=yes
ac_cv_header_sys_param_h=yes
ac_cv_header_sys_stat_h=yes
ac_cv_header_sys_time_h=yes
ac_cv_header_sys_times_h=yes
ac_cv_header_sys_types_h=yes
ac_cv_header_term_h=no
ac_cv_header_termcap_h=no
ac_cv_header_termios_h=yes
ac_cv_header_time=yes
ac_cv_header_time_h=yes
ac_cv_header_unistd_h=yes
ac_cv_is_aix=no
ac_cv_lib_MPT_MPT_GetTree=no
ac_cv_lib_MP_IMP_PutGmpInt=no
ac_cv_lib_bsd_setenv=no
ac_cv_lib_bsd_socket=no
ac_cv_lib_c_nonshared___stack_chk_fail_local=no
ac_cv_lib_fl_yywrap=no
ac_cv_lib_gmp_main=yes
ac_cv_lib_l_yywrap=no
ac_cv_lib_m_atof=yes
ac_cv_lib_ncurses_tgetent=yes
ac_cv_lib_nsl_=no
ac_cv_lib_nsl_gethostbyname=no
ac_cv_lib_ntl_main=no
ac_cv_lib_omalloc_ndebug_main=no
ac_cv_lib_omalloc_omTestAddr=no
ac_cv_lib_readline_readline=yes
ac_cv_lib_rt_=no
ac_cv_lib_singcf_atof=no
ac_cv_lib_singfac_atof=no
ac_cv_lib_socket_=no
ac_cv_lib_socket_listen=no
ac_cv_malloc_sizeof_addr=no
ac_cv_objext=o
ac_cv_pagesize=8192
ac_cv_path_EGREP='/usr/bin/grep -E'
ac_cv_path_FACTORY_MAKEHEADER=./bin/makeheader
ac_cv_path_FACTORY_MKINSTALLDIRS=./bin/mkinstalldirs
ac_cv_path_GREP=/usr/bin/grep
ac_cv_path_install='/usr/bin/install -c'
ac_cv_prog_ADDR2LINE=addr2line
ac_cv_prog_AR=ar
ac_cv_prog_AWK=gawk
ac_cv_prog_BISON=where-is-your-bison
ac_cv_prog_CC=gcc
ac_cv_prog_CPP='gcc -E'
ac_cv_prog_CXX=c++
ac_cv_prog_CXXCPP='c++ -E'
ac_cv_prog_GUNZIP=gunzip
ac_cv_prog_LN_S='ln -s'
ac_cv_prog_M4=m4
ac_cv_prog_MAKEINFO=makeinfo
ac_cv_prog_MYGZIP=gzip
ac_cv_prog_PERL=perl
ac_cv_prog_RANLIB=ranlib
ac_cv_prog_TEXI2PDF=texi2pdf
ac_cv_prog_TEXINDEX=texindex
ac_cv_prog_ac_ct_CXX=g++
ac_cv_prog_addr2line_works=yes
ac_cv_prog_cc_c89=
ac_cv_prog_cc_cross=no
ac_cv_prog_cc_g=yes
ac_cv_prog_cc_stdc=
ac_cv_prog_cc_works=yes
ac_cv_prog_cxx_cross=no
ac_cv_prog_cxx_g=yes
ac_cv_prog_cxx_works=yes
ac_cv_prog_egrep='grep -E'
ac_cv_prog_gcc=yes
ac_cv_prog_gcc_traditional=no
ac_cv_prog_gxx=yes
ac_cv_prog_make_make_set=yes
ac_cv_returns_n_of_chars=yes
ac_cv_search_setenv='none required'
ac_cv_singcpuname=i686
ac_cv_singuname=ix86-Win
ac_cv_sizeof_char=1
ac_cv_sizeof_double=8
ac_cv_sizeof_int=4
ac_cv_sizeof_long=4
ac_cv_sizeof_short=2
ac_cv_sizeof_size_t=4
ac_cv_sizeof_voidp=4
ac_cv_struct_tm=time.h
ac_cv_type_signal=void
ac_cv_type_size_t=yes
ac_cv_working_mmap=yes
ac_cv_working_valloc=omMallocSystem.h_

## ----------------- ##
## Output variables. ##
## ----------------- ##

AWK='gawk'
CC='gcc'
CFLAGS='-g -O2'
CPP='gcc -E'
CPPFLAGS=''
CXX='g++'
CXXFLAGS='-g -O2'
DEFS='-DHAVE_CONFIG_H'
ECHO_C=''
ECHO_N='-n'
ECHO_T=''
EGREP='grep -E'
EXEC_EXT='.exe'
EXEEXT='.exe'
INSTALL_DATA='${INSTALL} -m 644'
INSTALL_PROGRAM='${INSTALL}'
INSTALL_SCRIPT='${INSTALL}'
LD='gcc'
LDFLAGS='-L/cygdrive/c/lapa/sing/Singular-f5-like/ix86-Win/lib -g'
LEX=':'
LEXLIB=''
LEX_OUTPUT_ROOT=''
LIBOBJS=''
LIBS='-lgmp '
LN_S='ln -s'
LTLIBOBJS=''
OBJEXT='o'
PACKAGE_BUGREPORT=''
PACKAGE_NAME=''
PACKAGE_STRING=''
PACKAGE_TARNAME=''
PACKAGE_VERSION=''
PATH_SEPARATOR=':'
SET_MAKE=''
SHELL='/bin/sh'
SINGULAR_MAJOR_VERSION='3'
SINGULAR_MINOR_VERSION='1'
SINGULAR_SUB_VERSION='4'
SINGULAR_VERSION='3-1-4'
SINGUNAME='ix86-Win'
SING_UNAME='ix86_Win'
VERSION_DATE='Jan 2012'
YACC='yacc'
ac_ct_CC=''
ac_ct_CXX='g++'
ac_install_sh='./../install-sh -c'
bindir='/cygdrive/c/lapa/sing/Singular-f5-like/ix86-Win'
build_alias=''
datadir='${prefix}/share'
exec_prefix='/cygdrive/c/lapa/sing/Singular-f5-like/ix86-Win'
host_alias=''
includedir='/cygdrive/c/lapa/sing/Singular-f5-like/ix86-Win/include'
infodir='${prefix}/info'
libdir='/cygdrive/c/lapa/sing/Singular-f5-like/ix86-Win/lib'
libexecdir='${exec_prefix}/libexec'
localstatedir='${prefix}/var'
mandir='${prefix}/man'
oldincludedir='/usr/include'
prefix='/cygdrive/c/lapa/sing/Singular-f5-like'
program_transform_name='s,x,x,'
sbindir='${exec_prefix}/sbin'
sharedstatedir='${prefix}/com'
sysconfdir='${prefix}/etc'
target_alias=''

## ----------- ##
## confdefs.h. ##
## ----------- ##

#define HAVE_FCNTL_H 1
#define HAVE_GETOPT_H 1
#define HAVE_GETOPT_LONG 1
#define HAVE_INTTYPES_H 1
#define HAVE_LIBGMP 1
#define HAVE_MALLOC 1
#define HAVE_MEMORY_H 1
#define HAVE_MEMSET 1
#define HAVE_MKDIR 1
#define HAVE_MKSTEMP 1
#define HAVE_REGCOMP 1
#define HAVE_STDDEF_H 1
#define HAVE_STDINT_H 1
#define HAVE_STDLIB_H 1
#define HAVE_STDLIB_H 1
#define HAVE_STRCASECMP 1
#define HAVE_STRDUP 1
#define HAVE_STRINGS_H 1
#define HAVE_STRING_H 1
#define HAVE_STRING_H 1
#define HAVE_STRRCHR 1
#define HAVE_SYS_STAT_H 1
#define HAVE_SYS_TYPES_H 1
#define HAVE_UNISTD_H 1
#define HAVE_UNISTD_H 1
#define HAVE_VPRINTF 1
#define PACKAGE_BUGREPORT ""
#define PACKAGE_NAME ""
#define PACKAGE_STRING ""
#define PACKAGE_TARNAME ""
#define PACKAGE_VERSION ""
#define SINGULAR_MAJOR_VERSION 3
#define SINGULAR_MINOR_VERSION 1
#define SINGULAR_SUB_VERSION 4
#define SINGULAR_SUB_VERSION 4
#define STDC_HEADERS 1
#define S_UNAME "ix86-Win"
#define S_VERSION1 "314"
#define S_VERSION2 "Jan 2012"
#endif
#ifdef __cplusplus
extern "C" void exit (int);

configure: exit 0
